<testsuites id="" name="" tests="638" failures="2" skipped="636" errors="0" time="110.01093300000001">
<testsuite name="plugin-installation.spec.ts" timestamp="2026-02-19T18:37:54.133Z" hostname="smoke" tests="8" failures="2" skipped="6" time="240.515" errors="0">
<testcase name="Plugin Installation › plugin appears in OSD navigation" classname="plugin-installation.spec.ts" time="70.86">
<skipped>
</skipped>
</testcase>
<testcase name="Plugin Installation › plugin navigation works" classname="plugin-installation.spec.ts" time="54.31">
<failure message="plugin-installation.spec.ts:28:7 plugin navigation works" type="FAILURE">
<![CDATA[  [smoke] › plugin-installation.spec.ts:28:7 › Plugin Installation › plugin navigation works ───────

    TimeoutError: locator.click: Timeout 15000ms exceeded.
    Call log:
      - waiting for locator('[data-test-subj="navItem opensearchIndexManager"], a[href*="opensearchIndexManager"]')


      29 |     // Click on the plugin navigation link
      30 |     const navLink = page.locator(Selectors.plugin.navLink);
    > 31 |     await navLink.click();
         |                   ^
      32 |
      33 |     // Wait for navigation to complete
      34 |     await page.waitForLoadState('networkidle');
        at /home/jet/src/OpensearchDashboardCRUD/functional-tests/tests/plugin-installation.spec.ts:31:19

    Retry #1 ───────────────────────────────────────────────────────────────────────────────────────

    Test was interrupted.

    attachment #1: video (video/webm) ──────────────────────────────────────────────────────────────
    ../../test-output/functional-tests/test-results/plugin-installation-Plugin-0c70a-ion-plugin-navigation-works-smoke-retry1/video.webm
    ────────────────────────────────────────────────────────────────────────────────────────────────

    attachment #2: trace (application/zip) ─────────────────────────────────────────────────────────
    ../../test-output/functional-tests/test-results/plugin-installation-Plugin-0c70a-ion-plugin-navigation-works-smoke-retry1/trace.zip
    Usage:

        npx playwright show-trace ../../test-output/functional-tests/test-results/plugin-installation-Plugin-0c70a-ion-plugin-navigation-works-smoke-retry1/trace.zip

    ────────────────────────────────────────────────────────────────────────────────────────────────
]]>
</failure>
<system-out>
<![CDATA[
[[ATTACHMENT|test-results/plugin-installation-Plugin-0c70a-ion-plugin-navigation-works-smoke-retry1/video.webm]]

[[ATTACHMENT|test-results/plugin-installation-Plugin-0c70a-ion-plugin-navigation-works-smoke-retry1/trace.zip]]
]]>
</system-out>
</testcase>
<testcase name="Plugin Installation › plugin loads without errors" classname="plugin-installation.spec.ts" time="70.753">
<skipped>
</skipped>
</testcase>
<testcase name="Plugin Installation › plugin page has correct title" classname="plugin-installation.spec.ts" time="44.592">
<failure message="plugin-installation.spec.ts:55:7 plugin page has correct title" type="FAILURE">
<![CDATA[  [smoke] › plugin-installation.spec.ts:55:7 › Plugin Installation › plugin page has correct title ─

    TimeoutError: page.goto: Timeout 30000ms exceeded.
    Call log:
      - navigating to "http://localhost:5601/", waiting until "load"


      10 | test.describe('Plugin Installation', () => {
      11 |   test.beforeEach(async ({ page }) => {
    > 12 |     await page.goto('/');
         |                ^
      13 |     await loginToOSD(page);
      14 |   });
      15 |
        at /home/jet/src/OpensearchDashboardCRUD/functional-tests/tests/plugin-installation.spec.ts:12:16

    Retry #1 ───────────────────────────────────────────────────────────────────────────────────────

    Error: page.goto: net::ERR_INSUFFICIENT_RESOURCES at http://localhost:5601/
    Call log:
      - navigating to "http://localhost:5601/", waiting until "load"


      10 | test.describe('Plugin Installation', () => {
      11 |   test.beforeEach(async ({ page }) => {
    > 12 |     await page.goto('/');
         |                ^
      13 |     await loginToOSD(page);
      14 |   });
      15 |
        at /home/jet/src/OpensearchDashboardCRUD/functional-tests/tests/plugin-installation.spec.ts:12:16

    attachment #1: video (video/webm) ──────────────────────────────────────────────────────────────
    ../../test-output/functional-tests/test-results/plugin-installation-Plugin-339df-ugin-page-has-correct-title-smoke-retry1/video.webm
    ────────────────────────────────────────────────────────────────────────────────────────────────

    attachment #2: trace (application/zip) ─────────────────────────────────────────────────────────
    ../../test-output/functional-tests/test-results/plugin-installation-Plugin-339df-ugin-page-has-correct-title-smoke-retry1/trace.zip
    Usage:

        npx playwright show-trace ../../test-output/functional-tests/test-results/plugin-installation-Plugin-339df-ugin-page-has-correct-title-smoke-retry1/trace.zip

    ────────────────────────────────────────────────────────────────────────────────────────────────
]]>
</failure>
<system-out>
<![CDATA[
[[ATTACHMENT|test-results/plugin-installation-Plugin-339df-ugin-page-has-correct-title-smoke-retry1/video.webm]]

[[ATTACHMENT|test-results/plugin-installation-Plugin-339df-ugin-page-has-correct-title-smoke-retry1/trace.zip]]
]]>
</system-out>
</testcase>
<testcase name="Plugin Installation › no console errors on plugin load" classname="plugin-installation.spec.ts" time="0">
<skipped>
</skipped>
</testcase>
<testcase name="Plugin Installation › plugin components are rendered" classname="plugin-installation.spec.ts" time="0">
<skipped>
</skipped>
</testcase>
<testcase name="Plugin Installation › plugin responds to browser back button" classname="plugin-installation.spec.ts" time="0">
<skipped>
</skipped>
</testcase>
<testcase name="Plugin Installation › plugin is accessible via direct URL" classname="plugin-installation.spec.ts" time="0">
<skipped>
</skipped>
</testcase>
</testsuite>
<testsuite name="document-crud.spec.ts" timestamp="2026-02-19T18:37:54.133Z" hostname="chromium" tests="9" failures="0" skipped="9" time="0" errors="0">
<testcase name="Document CRUD › Create Document › create document with simple fields" classname="document-crud.spec.ts" time="0">
<skipped>
</skipped>
</testcase>
<testcase name="Document CRUD › Create Document › create document with auto-generated ID" classname="document-crud.spec.ts" time="0">
<skipped>
</skipped>
</testcase>
<testcase name="Document CRUD › Create Document › create document using JSON editor" classname="document-crud.spec.ts" time="0">
<skipped>
</skipped>
</testcase>
<testcase name="Document CRUD › Create Document › cancel create does not save document" classname="document-crud.spec.ts" time="0">
<skipped>
</skipped>
</testcase>
<testcase name="Document CRUD › Read Document › view document displays correct fields" classname="document-crud.spec.ts" time="0">
<skipped>
</skipped>
</testcase>
<testcase name="Document CRUD › Update Document › update document fields" classname="document-crud.spec.ts" time="0">
<skipped>
</skipped>
</testcase>
<testcase name="Document CRUD › Update Document › cancel update does not save changes" classname="document-crud.spec.ts" time="0">
<skipped>
</skipped>
</testcase>
<testcase name="Document CRUD › Delete Document › delete document with confirmation" classname="document-crud.spec.ts" time="0">
<skipped>
</skipped>
</testcase>
<testcase name="Document CRUD › Delete Document › cancel delete keeps document" classname="document-crud.spec.ts" time="0">
<skipped>
</skipped>
</testcase>
</testsuite>
<testsuite name="document-grid.spec.ts" timestamp="2026-02-19T18:37:54.133Z" hostname="chromium" tests="14" failures="0" skipped="14" time="0" errors="0">
<testcase name="Document Grid › document grid displays correctly" classname="document-grid.spec.ts" time="0">
<skipped>
</skipped>
</testcase>
<testcase name="Document Grid › grid shows ID column" classname="document-grid.spec.ts" time="0">
<skipped>
</skipped>
</testcase>
<testcase name="Document Grid › grid displays document IDs" classname="document-grid.spec.ts" time="0">
<skipped>
</skipped>
</testcase>
<testcase name="Document Grid › grid pagination works" classname="document-grid.spec.ts" time="0">
<skipped>
</skipped>
</testcase>
<testcase name="Document Grid › page size selector works" classname="document-grid.spec.ts" time="0">
<skipped>
</skipped>
</testcase>
<testcase name="Document Grid › grid columns are visible" classname="document-grid.spec.ts" time="0">
<skipped>
</skipped>
</testcase>
<testcase name="Document Grid › grid toolbar is present" classname="document-grid.spec.ts" time="0">
<skipped>
</skipped>
</testcase>
<testcase name="Document Grid › column visibility selector works" classname="document-grid.spec.ts" time="0">
<skipped>
</skipped>
</testcase>
<testcase name="Document Grid › grid shows actions column" classname="document-grid.spec.ts" time="0">
<skipped>
</skipped>
</testcase>
<testcase name="Document Grid › edit button in grid works" classname="document-grid.spec.ts" time="0">
<skipped>
</skipped>
</testcase>
<testcase name="Document Grid › grid is responsive" classname="document-grid.spec.ts" time="0">
<skipped>
</skipped>
</testcase>
<testcase name="Document Grid › grid handles empty state" classname="document-grid.spec.ts" time="0">
<skipped>
</skipped>
</testcase>
<testcase name="Document Grid › grid cell content is readable" classname="document-grid.spec.ts" time="0">
<skipped>
</skipped>
</testcase>
<testcase name="Document Grid › grid sorting works" classname="document-grid.spec.ts" time="0">
<skipped>
</skipped>
</testcase>
</testsuite>
<testsuite name="document-list.spec.ts" timestamp="2026-02-19T18:37:54.133Z" hostname="chromium" tests="12" failures="0" skipped="12" time="0" errors="0">
<testcase name="Document List › document list displays correctly" classname="document-list.spec.ts" time="0">
<skipped>
</skipped>
</testcase>
<testcase name="Document List › document count is displayed" classname="document-list.spec.ts" time="0">
<skipped>
</skipped>
</testcase>
<testcase name="Document List › pagination works - next and previous" classname="document-list.spec.ts" time="0">
<skipped>
</skipped>
</testcase>
<testcase name="Document List › page size change works" classname="document-list.spec.ts" time="0">
<skipped>
</skipped>
</testcase>
<testcase name="Document List › sorting by field works" classname="document-list.spec.ts" time="0">
<skipped>
</skipped>
</testcase>
<testcase name="Document List › search functionality works" classname="document-list.spec.ts" time="0">
<skipped>
</skipped>
</testcase>
<testcase name="Document List › empty results handling" classname="document-list.spec.ts" time="0">
<skipped>
</skipped>
</testcase>
<testcase name="Document List › document list shows correct columns" classname="document-list.spec.ts" time="0">
<skipped>
</skipped>
</testcase>
<testcase name="Document List › document actions are available" classname="document-list.spec.ts" time="0">
<skipped>
</skipped>
</testcase>
<testcase name="Document List › pagination shows correct page numbers" classname="document-list.spec.ts" time="0">
<skipped>
</skipped>
</testcase>
<testcase name="Document List › showing X of Y documents text is correct" classname="document-list.spec.ts" time="0">
<skipped>
</skipped>
</testcase>
<testcase name="Document List › document list updates after refresh" classname="document-list.spec.ts" time="0">
<skipped>
</skipped>
</testcase>
</testsuite>
<testsuite name="index-selection.spec.ts" timestamp="2026-02-19T18:37:54.133Z" hostname="chromium" tests="10" failures="0" skipped="10" time="0" errors="0">
<testcase name="Index Selection › index dropdown loads with available indices" classname="index-selection.spec.ts" time="0">
<skipped>
</skipped>
</testcase>
<testcase name="Index Selection › selecting an index loads its mapping" classname="index-selection.spec.ts" time="0">
<skipped>
</skipped>
</testcase>
<testcase name="Index Selection › document count updates when selecting index" classname="index-selection.spec.ts" time="0">
<skipped>
</skipped>
</testcase>
<testcase name="Index Selection › selecting different indices updates the view" classname="index-selection.spec.ts" time="0">
<skipped>
</skipped>
</testcase>
<testcase name="Index Selection › index refresh functionality works" classname="index-selection.spec.ts" time="0">
<skipped>
</skipped>
</testcase>
<testcase name="Index Selection › empty state when no indices exist" classname="index-selection.spec.ts" time="0">
<skipped>
</skipped>
</testcase>
<testcase name="Index Selection › search within index dropdown works" classname="index-selection.spec.ts" time="0">
<skipped>
</skipped>
</testcase>
<testcase name="Index Selection › clearing index selection works" classname="index-selection.spec.ts" time="0">
<skipped>
</skipped>
</testcase>
<testcase name="Index Selection › index dropdown shows correct index names" classname="index-selection.spec.ts" time="0">
<skipped>
</skipped>
</testcase>
<testcase name="Index Selection › selecting index persists on page refresh" classname="index-selection.spec.ts" time="0">
<skipped>
</skipped>
</testcase>
</testsuite>
<testsuite name="mapping-viewer.spec.ts" timestamp="2026-02-19T18:37:54.133Z" hostname="chromium" tests="14" failures="0" skipped="14" time="0" errors="0">
<testcase name="Mapping Viewer › mapping loads for selected index" classname="mapping-viewer.spec.ts" time="0">
<skipped>
</skipped>
</testcase>
<testcase name="Mapping Viewer › mapping tree view displays correctly" classname="mapping-viewer.spec.ts" time="0">
<skipped>
</skipped>
</testcase>
<testcase name="Mapping Viewer › field names are displayed correctly" classname="mapping-viewer.spec.ts" time="0">
<skipped>
</skipped>
</testcase>
<testcase name="Mapping Viewer › field type indicators are shown" classname="mapping-viewer.spec.ts" time="0">
<skipped>
</skipped>
</testcase>
<testcase name="Mapping Viewer › expand and collapse mapping fields" classname="mapping-viewer.spec.ts" time="0">
<skipped>
</skipped>
</testcase>
<testcase name="Mapping Viewer › mapping JSON view displays correctly" classname="mapping-viewer.spec.ts" time="0">
<skipped>
</skipped>
</testcase>
<testcase name="Mapping Viewer › nested mapping displays nested structure" classname="mapping-viewer.spec.ts" time="0">
<skipped>
</skipped>
</testcase>
<testcase name="Mapping Viewer › mapping updates when changing indices" classname="mapping-viewer.spec.ts" time="0">
<skipped>
</skipped>
</testcase>
<testcase name="Mapping Viewer › field type badges are color-coded" classname="mapping-viewer.spec.ts" time="0">
<skipped>
</skipped>
</testcase>
<testcase name="Mapping Viewer › object and nested types are distinguished" classname="mapping-viewer.spec.ts" time="0">
<skipped>
</skipped>
</testcase>
<testcase name="Mapping Viewer › mapping shows correct field count" classname="mapping-viewer.spec.ts" time="0">
<skipped>
</skipped>
</testcase>
<testcase name="Mapping Viewer › field paths are displayed for nested fields" classname="mapping-viewer.spec.ts" time="0">
<skipped>
</skipped>
</testcase>
<testcase name="Mapping Viewer › numeric type variations are shown" classname="mapping-viewer.spec.ts" time="0">
<skipped>
</skipped>
</testcase>
<testcase name="Mapping Viewer › mapping viewer is responsive to window size" classname="mapping-viewer.spec.ts" time="0">
<skipped>
</skipped>
</testcase>
</testsuite>
<testsuite name="nested-fields.spec.ts" timestamp="2026-02-19T18:37:54.133Z" hostname="chromium" tests="17" failures="0" skipped="17" time="0" errors="0">
<testcase name="Nested Fields › Nested Object Editing › display nested object fields" classname="nested-fields.spec.ts" time="0">
<skipped>
</skipped>
</testcase>
<testcase name="Nested Fields › Nested Object Editing › expand and collapse nested objects" classname="nested-fields.spec.ts" time="0">
<skipped>
</skipped>
</testcase>
<testcase name="Nested Fields › Nested Object Editing › edit nested field values" classname="nested-fields.spec.ts" time="0">
<skipped>
</skipped>
</testcase>
<testcase name="Nested Fields › Nested Object Editing › add new nested field" classname="nested-fields.spec.ts" time="0">
<skipped>
</skipped>
</testcase>
<testcase name="Nested Fields › Array Editing › display array fields" classname="nested-fields.spec.ts" time="0">
<skipped>
</skipped>
</testcase>
<testcase name="Nested Fields › Array Editing › edit array elements" classname="nested-fields.spec.ts" time="0">
<skipped>
</skipped>
</testcase>
<testcase name="Nested Fields › Array Editing › add array element" classname="nested-fields.spec.ts" time="0">
<skipped>
</skipped>
</testcase>
<testcase name="Nested Fields › Array Editing › remove array element" classname="nested-fields.spec.ts" time="0">
<skipped>
</skipped>
</testcase>
<testcase name="Nested Fields › Array Editing › nested array objects" classname="nested-fields.spec.ts" time="0">
<skipped>
</skipped>
</testcase>
<testcase name="Nested Fields › Deep Nesting (3+ levels) › display deeply nested structure" classname="nested-fields.spec.ts" time="0">
<skipped>
</skipped>
</testcase>
<testcase name="Nested Fields › Deep Nesting (3+ levels) › edit deeply nested field" classname="nested-fields.spec.ts" time="0">
<skipped>
</skipped>
</testcase>
<testcase name="Nested Fields › JSON Editor Mode › switch to JSON editor mode" classname="nested-fields.spec.ts" time="0">
<skipped>
</skipped>
</testcase>
<testcase name="Nested Fields › JSON Editor Mode › edit document in JSON mode" classname="nested-fields.spec.ts" time="0">
<skipped>
</skipped>
</testcase>
<testcase name="Nested Fields › JSON Editor Mode › no data loss when switching between modes" classname="nested-fields.spec.ts" time="0">
<skipped>
</skipped>
</testcase>
<testcase name="Nested Fields › Type Conversion › number fields accept numeric input" classname="nested-fields.spec.ts" time="0">
<skipped>
</skipped>
</testcase>
<testcase name="Nested Fields › Type Conversion › boolean fields render as checkboxes" classname="nested-fields.spec.ts" time="0">
<skipped>
</skipped>
</testcase>
<testcase name="Nested Fields › Type Conversion › date fields accept date input" classname="nested-fields.spec.ts" time="0">
<skipped>
</skipped>
</testcase>
</testsuite>
<testsuite name="plugin-installation.spec.ts" timestamp="2026-02-19T18:37:54.133Z" hostname="chromium" tests="8" failures="0" skipped="8" time="0" errors="0">
<testcase name="Plugin Installation › plugin appears in OSD navigation" classname="plugin-installation.spec.ts" time="0">
<skipped>
</skipped>
</testcase>
<testcase name="Plugin Installation › plugin navigation works" classname="plugin-installation.spec.ts" time="0">
<skipped>
</skipped>
</testcase>
<testcase name="Plugin Installation › plugin loads without errors" classname="plugin-installation.spec.ts" time="0">
<skipped>
</skipped>
</testcase>
<testcase name="Plugin Installation › plugin page has correct title" classname="plugin-installation.spec.ts" time="0">
<skipped>
</skipped>
</testcase>
<testcase name="Plugin Installation › no console errors on plugin load" classname="plugin-installation.spec.ts" time="0">
<skipped>
</skipped>
</testcase>
<testcase name="Plugin Installation › plugin components are rendered" classname="plugin-installation.spec.ts" time="0">
<skipped>
</skipped>
</testcase>
<testcase name="Plugin Installation › plugin responds to browser back button" classname="plugin-installation.spec.ts" time="0">
<skipped>
</skipped>
</testcase>
<testcase name="Plugin Installation › plugin is accessible via direct URL" classname="plugin-installation.spec.ts" time="0">
<skipped>
</skipped>
</testcase>
</testsuite>
<testsuite name="search.spec.ts" timestamp="2026-02-19T18:37:54.133Z" hostname="chromium" tests="10" failures="0" skipped="10" time="0" errors="0">
<testcase name="Document Search › search input is visible and functional" classname="search.spec.ts" time="0">
<skipped>
</skipped>
</testcase>
<testcase name="Document Search › search input is disabled when no index is selected" classname="search.spec.ts" time="0">
<skipped>
</skipped>
</testcase>
<testcase name="Document Search › search with valid query returns results" classname="search.spec.ts" time="0">
<skipped>
</skipped>
</testcase>
<testcase name="Document Search › search with multi-word query works" classname="search.spec.ts" time="0">
<skipped>
</skipped>
</testcase>
<testcase name="Document Search › search with no results shows empty state" classname="search.spec.ts" time="0">
<skipped>
</skipped>
</testcase>
<testcase name="Document Search › clear search restores full document list" classname="search.spec.ts" time="0">
<skipped>
</skipped>
</testcase>
<testcase name="Document Search › search input has clear button" classname="search.spec.ts" time="0">
<skipped>
</skipped>
</testcase>
<testcase name="Document Search › debounced search does not fire on every keystroke" classname="search.spec.ts" time="0">
<skipped>
</skipped>
</testcase>
<testcase name="Document Search › search shows loading indicator during search" classname="search.spec.ts" time="0">
<skipped>
</skipped>
</testcase>
<testcase name="Document Search › search query persists across page navigation" classname="search.spec.ts" time="0">
<skipped>
</skipped>
</testcase>
</testsuite>
<testsuite name="tag-management.spec.ts" timestamp="2026-02-19T18:37:54.133Z" hostname="chromium" tests="11" failures="0" skipped="11" time="0" errors="0">
<testcase name="Tag Management › tag manager component is present in document editor" classname="tag-management.spec.ts" time="0">
<skipped>
</skipped>
</testcase>
<testcase name="Tag Management › tags display as EuiBadge components" classname="tag-management.spec.ts" time="0">
<skipped>
</skipped>
</testcase>
<testcase name="Tag Management › tag delete button exists" classname="tag-management.spec.ts" time="0">
<skipped>
</skipped>
</testcase>
<testcase name="Tag Management › add tag button exists" classname="tag-management.spec.ts" time="0">
<skipped>
</skipped>
</testcase>
<testcase name="Tag Management › add tag flow works" classname="tag-management.spec.ts" time="0">
<skipped>
</skipped>
</testcase>
<testcase name="Tag Management › cancel add tag works" classname="tag-management.spec.ts" time="0">
<skipped>
</skipped>
</testcase>
<testcase name="Tag Management › delete tag works" classname="tag-management.spec.ts" time="0">
<skipped>
</skipped>
</testcase>
<testcase name="Tag Management › tags show different colors for different types" classname="tag-management.spec.ts" time="0">
<skipped>
</skipped>
</testcase>
<testcase name="Tag Management › tag input handles enter key" classname="tag-management.spec.ts" time="0">
<skipped>
</skipped>
</testcase>
<testcase name="Tag Management › tag input handles escape key" classname="tag-management.spec.ts" time="0">
<skipped>
</skipped>
</testcase>
<testcase name="Tag Management › empty array shows placeholder" classname="tag-management.spec.ts" time="0">
<skipped>
</skipped>
</testcase>
</testsuite>
<testsuite name="document-crud.spec.ts" timestamp="2026-02-19T18:37:54.133Z" hostname="firefox" tests="9" failures="0" skipped="9" time="0" errors="0">
<testcase name="Document CRUD › Create Document › create document with simple fields" classname="document-crud.spec.ts" time="0">
<skipped>
</skipped>
</testcase>
<testcase name="Document CRUD › Create Document › create document with auto-generated ID" classname="document-crud.spec.ts" time="0">
<skipped>
</skipped>
</testcase>
<testcase name="Document CRUD › Create Document › create document using JSON editor" classname="document-crud.spec.ts" time="0">
<skipped>
</skipped>
</testcase>
<testcase name="Document CRUD › Create Document › cancel create does not save document" classname="document-crud.spec.ts" time="0">
<skipped>
</skipped>
</testcase>
<testcase name="Document CRUD › Read Document › view document displays correct fields" classname="document-crud.spec.ts" time="0">
<skipped>
</skipped>
</testcase>
<testcase name="Document CRUD › Update Document › update document fields" classname="document-crud.spec.ts" time="0">
<skipped>
</skipped>
</testcase>
<testcase name="Document CRUD › Update Document › cancel update does not save changes" classname="document-crud.spec.ts" time="0">
<skipped>
</skipped>
</testcase>
<testcase name="Document CRUD › Delete Document › delete document with confirmation" classname="document-crud.spec.ts" time="0">
<skipped>
</skipped>
</testcase>
<testcase name="Document CRUD › Delete Document › cancel delete keeps document" classname="document-crud.spec.ts" time="0">
<skipped>
</skipped>
</testcase>
</testsuite>
<testsuite name="document-grid.spec.ts" timestamp="2026-02-19T18:37:54.133Z" hostname="firefox" tests="14" failures="0" skipped="14" time="0" errors="0">
<testcase name="Document Grid › document grid displays correctly" classname="document-grid.spec.ts" time="0">
<skipped>
</skipped>
</testcase>
<testcase name="Document Grid › grid shows ID column" classname="document-grid.spec.ts" time="0">
<skipped>
</skipped>
</testcase>
<testcase name="Document Grid › grid displays document IDs" classname="document-grid.spec.ts" time="0">
<skipped>
</skipped>
</testcase>
<testcase name="Document Grid › grid pagination works" classname="document-grid.spec.ts" time="0">
<skipped>
</skipped>
</testcase>
<testcase name="Document Grid › page size selector works" classname="document-grid.spec.ts" time="0">
<skipped>
</skipped>
</testcase>
<testcase name="Document Grid › grid columns are visible" classname="document-grid.spec.ts" time="0">
<skipped>
</skipped>
</testcase>
<testcase name="Document Grid › grid toolbar is present" classname="document-grid.spec.ts" time="0">
<skipped>
</skipped>
</testcase>
<testcase name="Document Grid › column visibility selector works" classname="document-grid.spec.ts" time="0">
<skipped>
</skipped>
</testcase>
<testcase name="Document Grid › grid shows actions column" classname="document-grid.spec.ts" time="0">
<skipped>
</skipped>
</testcase>
<testcase name="Document Grid › edit button in grid works" classname="document-grid.spec.ts" time="0">
<skipped>
</skipped>
</testcase>
<testcase name="Document Grid › grid is responsive" classname="document-grid.spec.ts" time="0">
<skipped>
</skipped>
</testcase>
<testcase name="Document Grid › grid handles empty state" classname="document-grid.spec.ts" time="0">
<skipped>
</skipped>
</testcase>
<testcase name="Document Grid › grid cell content is readable" classname="document-grid.spec.ts" time="0">
<skipped>
</skipped>
</testcase>
<testcase name="Document Grid › grid sorting works" classname="document-grid.spec.ts" time="0">
<skipped>
</skipped>
</testcase>
</testsuite>
<testsuite name="document-list.spec.ts" timestamp="2026-02-19T18:37:54.133Z" hostname="firefox" tests="12" failures="0" skipped="12" time="0" errors="0">
<testcase name="Document List › document list displays correctly" classname="document-list.spec.ts" time="0">
<skipped>
</skipped>
</testcase>
<testcase name="Document List › document count is displayed" classname="document-list.spec.ts" time="0">
<skipped>
</skipped>
</testcase>
<testcase name="Document List › pagination works - next and previous" classname="document-list.spec.ts" time="0">
<skipped>
</skipped>
</testcase>
<testcase name="Document List › page size change works" classname="document-list.spec.ts" time="0">
<skipped>
</skipped>
</testcase>
<testcase name="Document List › sorting by field works" classname="document-list.spec.ts" time="0">
<skipped>
</skipped>
</testcase>
<testcase name="Document List › search functionality works" classname="document-list.spec.ts" time="0">
<skipped>
</skipped>
</testcase>
<testcase name="Document List › empty results handling" classname="document-list.spec.ts" time="0">
<skipped>
</skipped>
</testcase>
<testcase name="Document List › document list shows correct columns" classname="document-list.spec.ts" time="0">
<skipped>
</skipped>
</testcase>
<testcase name="Document List › document actions are available" classname="document-list.spec.ts" time="0">
<skipped>
</skipped>
</testcase>
<testcase name="Document List › pagination shows correct page numbers" classname="document-list.spec.ts" time="0">
<skipped>
</skipped>
</testcase>
<testcase name="Document List › showing X of Y documents text is correct" classname="document-list.spec.ts" time="0">
<skipped>
</skipped>
</testcase>
<testcase name="Document List › document list updates after refresh" classname="document-list.spec.ts" time="0">
<skipped>
</skipped>
</testcase>
</testsuite>
<testsuite name="index-selection.spec.ts" timestamp="2026-02-19T18:37:54.133Z" hostname="firefox" tests="10" failures="0" skipped="10" time="0" errors="0">
<testcase name="Index Selection › index dropdown loads with available indices" classname="index-selection.spec.ts" time="0">
<skipped>
</skipped>
</testcase>
<testcase name="Index Selection › selecting an index loads its mapping" classname="index-selection.spec.ts" time="0">
<skipped>
</skipped>
</testcase>
<testcase name="Index Selection › document count updates when selecting index" classname="index-selection.spec.ts" time="0">
<skipped>
</skipped>
</testcase>
<testcase name="Index Selection › selecting different indices updates the view" classname="index-selection.spec.ts" time="0">
<skipped>
</skipped>
</testcase>
<testcase name="Index Selection › index refresh functionality works" classname="index-selection.spec.ts" time="0">
<skipped>
</skipped>
</testcase>
<testcase name="Index Selection › empty state when no indices exist" classname="index-selection.spec.ts" time="0">
<skipped>
</skipped>
</testcase>
<testcase name="Index Selection › search within index dropdown works" classname="index-selection.spec.ts" time="0">
<skipped>
</skipped>
</testcase>
<testcase name="Index Selection › clearing index selection works" classname="index-selection.spec.ts" time="0">
<skipped>
</skipped>
</testcase>
<testcase name="Index Selection › index dropdown shows correct index names" classname="index-selection.spec.ts" time="0">
<skipped>
</skipped>
</testcase>
<testcase name="Index Selection › selecting index persists on page refresh" classname="index-selection.spec.ts" time="0">
<skipped>
</skipped>
</testcase>
</testsuite>
<testsuite name="mapping-viewer.spec.ts" timestamp="2026-02-19T18:37:54.133Z" hostname="firefox" tests="14" failures="0" skipped="14" time="0" errors="0">
<testcase name="Mapping Viewer › mapping loads for selected index" classname="mapping-viewer.spec.ts" time="0">
<skipped>
</skipped>
</testcase>
<testcase name="Mapping Viewer › mapping tree view displays correctly" classname="mapping-viewer.spec.ts" time="0">
<skipped>
</skipped>
</testcase>
<testcase name="Mapping Viewer › field names are displayed correctly" classname="mapping-viewer.spec.ts" time="0">
<skipped>
</skipped>
</testcase>
<testcase name="Mapping Viewer › field type indicators are shown" classname="mapping-viewer.spec.ts" time="0">
<skipped>
</skipped>
</testcase>
<testcase name="Mapping Viewer › expand and collapse mapping fields" classname="mapping-viewer.spec.ts" time="0">
<skipped>
</skipped>
</testcase>
<testcase name="Mapping Viewer › mapping JSON view displays correctly" classname="mapping-viewer.spec.ts" time="0">
<skipped>
</skipped>
</testcase>
<testcase name="Mapping Viewer › nested mapping displays nested structure" classname="mapping-viewer.spec.ts" time="0">
<skipped>
</skipped>
</testcase>
<testcase name="Mapping Viewer › mapping updates when changing indices" classname="mapping-viewer.spec.ts" time="0">
<skipped>
</skipped>
</testcase>
<testcase name="Mapping Viewer › field type badges are color-coded" classname="mapping-viewer.spec.ts" time="0">
<skipped>
</skipped>
</testcase>
<testcase name="Mapping Viewer › object and nested types are distinguished" classname="mapping-viewer.spec.ts" time="0">
<skipped>
</skipped>
</testcase>
<testcase name="Mapping Viewer › mapping shows correct field count" classname="mapping-viewer.spec.ts" time="0">
<skipped>
</skipped>
</testcase>
<testcase name="Mapping Viewer › field paths are displayed for nested fields" classname="mapping-viewer.spec.ts" time="0">
<skipped>
</skipped>
</testcase>
<testcase name="Mapping Viewer › numeric type variations are shown" classname="mapping-viewer.spec.ts" time="0">
<skipped>
</skipped>
</testcase>
<testcase name="Mapping Viewer › mapping viewer is responsive to window size" classname="mapping-viewer.spec.ts" time="0">
<skipped>
</skipped>
</testcase>
</testsuite>
<testsuite name="nested-fields.spec.ts" timestamp="2026-02-19T18:37:54.133Z" hostname="firefox" tests="17" failures="0" skipped="17" time="0" errors="0">
<testcase name="Nested Fields › Nested Object Editing › display nested object fields" classname="nested-fields.spec.ts" time="0">
<skipped>
</skipped>
</testcase>
<testcase name="Nested Fields › Nested Object Editing › expand and collapse nested objects" classname="nested-fields.spec.ts" time="0">
<skipped>
</skipped>
</testcase>
<testcase name="Nested Fields › Nested Object Editing › edit nested field values" classname="nested-fields.spec.ts" time="0">
<skipped>
</skipped>
</testcase>
<testcase name="Nested Fields › Nested Object Editing › add new nested field" classname="nested-fields.spec.ts" time="0">
<skipped>
</skipped>
</testcase>
<testcase name="Nested Fields › Array Editing › display array fields" classname="nested-fields.spec.ts" time="0">
<skipped>
</skipped>
</testcase>
<testcase name="Nested Fields › Array Editing › edit array elements" classname="nested-fields.spec.ts" time="0">
<skipped>
</skipped>
</testcase>
<testcase name="Nested Fields › Array Editing › add array element" classname="nested-fields.spec.ts" time="0">
<skipped>
</skipped>
</testcase>
<testcase name="Nested Fields › Array Editing › remove array element" classname="nested-fields.spec.ts" time="0">
<skipped>
</skipped>
</testcase>
<testcase name="Nested Fields › Array Editing › nested array objects" classname="nested-fields.spec.ts" time="0">
<skipped>
</skipped>
</testcase>
<testcase name="Nested Fields › Deep Nesting (3+ levels) › display deeply nested structure" classname="nested-fields.spec.ts" time="0">
<skipped>
</skipped>
</testcase>
<testcase name="Nested Fields › Deep Nesting (3+ levels) › edit deeply nested field" classname="nested-fields.spec.ts" time="0">
<skipped>
</skipped>
</testcase>
<testcase name="Nested Fields › JSON Editor Mode › switch to JSON editor mode" classname="nested-fields.spec.ts" time="0">
<skipped>
</skipped>
</testcase>
<testcase name="Nested Fields › JSON Editor Mode › edit document in JSON mode" classname="nested-fields.spec.ts" time="0">
<skipped>
</skipped>
</testcase>
<testcase name="Nested Fields › JSON Editor Mode › no data loss when switching between modes" classname="nested-fields.spec.ts" time="0">
<skipped>
</skipped>
</testcase>
<testcase name="Nested Fields › Type Conversion › number fields accept numeric input" classname="nested-fields.spec.ts" time="0">
<skipped>
</skipped>
</testcase>
<testcase name="Nested Fields › Type Conversion › boolean fields render as checkboxes" classname="nested-fields.spec.ts" time="0">
<skipped>
</skipped>
</testcase>
<testcase name="Nested Fields › Type Conversion › date fields accept date input" classname="nested-fields.spec.ts" time="0">
<skipped>
</skipped>
</testcase>
</testsuite>
<testsuite name="plugin-installation.spec.ts" timestamp="2026-02-19T18:37:54.133Z" hostname="firefox" tests="8" failures="0" skipped="8" time="0" errors="0">
<testcase name="Plugin Installation › plugin appears in OSD navigation" classname="plugin-installation.spec.ts" time="0">
<skipped>
</skipped>
</testcase>
<testcase name="Plugin Installation › plugin navigation works" classname="plugin-installation.spec.ts" time="0">
<skipped>
</skipped>
</testcase>
<testcase name="Plugin Installation › plugin loads without errors" classname="plugin-installation.spec.ts" time="0">
<skipped>
</skipped>
</testcase>
<testcase name="Plugin Installation › plugin page has correct title" classname="plugin-installation.spec.ts" time="0">
<skipped>
</skipped>
</testcase>
<testcase name="Plugin Installation › no console errors on plugin load" classname="plugin-installation.spec.ts" time="0">
<skipped>
</skipped>
</testcase>
<testcase name="Plugin Installation › plugin components are rendered" classname="plugin-installation.spec.ts" time="0">
<skipped>
</skipped>
</testcase>
<testcase name="Plugin Installation › plugin responds to browser back button" classname="plugin-installation.spec.ts" time="0">
<skipped>
</skipped>
</testcase>
<testcase name="Plugin Installation › plugin is accessible via direct URL" classname="plugin-installation.spec.ts" time="0">
<skipped>
</skipped>
</testcase>
</testsuite>
<testsuite name="search.spec.ts" timestamp="2026-02-19T18:37:54.133Z" hostname="firefox" tests="10" failures="0" skipped="10" time="0" errors="0">
<testcase name="Document Search › search input is visible and functional" classname="search.spec.ts" time="0">
<skipped>
</skipped>
</testcase>
<testcase name="Document Search › search input is disabled when no index is selected" classname="search.spec.ts" time="0">
<skipped>
</skipped>
</testcase>
<testcase name="Document Search › search with valid query returns results" classname="search.spec.ts" time="0">
<skipped>
</skipped>
</testcase>
<testcase name="Document Search › search with multi-word query works" classname="search.spec.ts" time="0">
<skipped>
</skipped>
</testcase>
<testcase name="Document Search › search with no results shows empty state" classname="search.spec.ts" time="0">
<skipped>
</skipped>
</testcase>
<testcase name="Document Search › clear search restores full document list" classname="search.spec.ts" time="0">
<skipped>
</skipped>
</testcase>
<testcase name="Document Search › search input has clear button" classname="search.spec.ts" time="0">
<skipped>
</skipped>
</testcase>
<testcase name="Document Search › debounced search does not fire on every keystroke" classname="search.spec.ts" time="0">
<skipped>
</skipped>
</testcase>
<testcase name="Document Search › search shows loading indicator during search" classname="search.spec.ts" time="0">
<skipped>
</skipped>
</testcase>
<testcase name="Document Search › search query persists across page navigation" classname="search.spec.ts" time="0">
<skipped>
</skipped>
</testcase>
</testsuite>
<testsuite name="tag-management.spec.ts" timestamp="2026-02-19T18:37:54.133Z" hostname="firefox" tests="11" failures="0" skipped="11" time="0" errors="0">
<testcase name="Tag Management › tag manager component is present in document editor" classname="tag-management.spec.ts" time="0">
<skipped>
</skipped>
</testcase>
<testcase name="Tag Management › tags display as EuiBadge components" classname="tag-management.spec.ts" time="0">
<skipped>
</skipped>
</testcase>
<testcase name="Tag Management › tag delete button exists" classname="tag-management.spec.ts" time="0">
<skipped>
</skipped>
</testcase>
<testcase name="Tag Management › add tag button exists" classname="tag-management.spec.ts" time="0">
<skipped>
</skipped>
</testcase>
<testcase name="Tag Management › add tag flow works" classname="tag-management.spec.ts" time="0">
<skipped>
</skipped>
</testcase>
<testcase name="Tag Management › cancel add tag works" classname="tag-management.spec.ts" time="0">
<skipped>
</skipped>
</testcase>
<testcase name="Tag Management › delete tag works" classname="tag-management.spec.ts" time="0">
<skipped>
</skipped>
</testcase>
<testcase name="Tag Management › tags show different colors for different types" classname="tag-management.spec.ts" time="0">
<skipped>
</skipped>
</testcase>
<testcase name="Tag Management › tag input handles enter key" classname="tag-management.spec.ts" time="0">
<skipped>
</skipped>
</testcase>
<testcase name="Tag Management › tag input handles escape key" classname="tag-management.spec.ts" time="0">
<skipped>
</skipped>
</testcase>
<testcase name="Tag Management › empty array shows placeholder" classname="tag-management.spec.ts" time="0">
<skipped>
</skipped>
</testcase>
</testsuite>
<testsuite name="document-crud.spec.ts" timestamp="2026-02-19T18:37:54.133Z" hostname="webkit" tests="9" failures="0" skipped="9" time="0" errors="0">
<testcase name="Document CRUD › Create Document › create document with simple fields" classname="document-crud.spec.ts" time="0">
<skipped>
</skipped>
</testcase>
<testcase name="Document CRUD › Create Document › create document with auto-generated ID" classname="document-crud.spec.ts" time="0">
<skipped>
</skipped>
</testcase>
<testcase name="Document CRUD › Create Document › create document using JSON editor" classname="document-crud.spec.ts" time="0">
<skipped>
</skipped>
</testcase>
<testcase name="Document CRUD › Create Document › cancel create does not save document" classname="document-crud.spec.ts" time="0">
<skipped>
</skipped>
</testcase>
<testcase name="Document CRUD › Read Document › view document displays correct fields" classname="document-crud.spec.ts" time="0">
<skipped>
</skipped>
</testcase>
<testcase name="Document CRUD › Update Document › update document fields" classname="document-crud.spec.ts" time="0">
<skipped>
</skipped>
</testcase>
<testcase name="Document CRUD › Update Document › cancel update does not save changes" classname="document-crud.spec.ts" time="0">
<skipped>
</skipped>
</testcase>
<testcase name="Document CRUD › Delete Document › delete document with confirmation" classname="document-crud.spec.ts" time="0">
<skipped>
</skipped>
</testcase>
<testcase name="Document CRUD › Delete Document › cancel delete keeps document" classname="document-crud.spec.ts" time="0">
<skipped>
</skipped>
</testcase>
</testsuite>
<testsuite name="document-grid.spec.ts" timestamp="2026-02-19T18:37:54.133Z" hostname="webkit" tests="14" failures="0" skipped="14" time="0" errors="0">
<testcase name="Document Grid › document grid displays correctly" classname="document-grid.spec.ts" time="0">
<skipped>
</skipped>
</testcase>
<testcase name="Document Grid › grid shows ID column" classname="document-grid.spec.ts" time="0">
<skipped>
</skipped>
</testcase>
<testcase name="Document Grid › grid displays document IDs" classname="document-grid.spec.ts" time="0">
<skipped>
</skipped>
</testcase>
<testcase name="Document Grid › grid pagination works" classname="document-grid.spec.ts" time="0">
<skipped>
</skipped>
</testcase>
<testcase name="Document Grid › page size selector works" classname="document-grid.spec.ts" time="0">
<skipped>
</skipped>
</testcase>
<testcase name="Document Grid › grid columns are visible" classname="document-grid.spec.ts" time="0">
<skipped>
</skipped>
</testcase>
<testcase name="Document Grid › grid toolbar is present" classname="document-grid.spec.ts" time="0">
<skipped>
</skipped>
</testcase>
<testcase name="Document Grid › column visibility selector works" classname="document-grid.spec.ts" time="0">
<skipped>
</skipped>
</testcase>
<testcase name="Document Grid › grid shows actions column" classname="document-grid.spec.ts" time="0">
<skipped>
</skipped>
</testcase>
<testcase name="Document Grid › edit button in grid works" classname="document-grid.spec.ts" time="0">
<skipped>
</skipped>
</testcase>
<testcase name="Document Grid › grid is responsive" classname="document-grid.spec.ts" time="0">
<skipped>
</skipped>
</testcase>
<testcase name="Document Grid › grid handles empty state" classname="document-grid.spec.ts" time="0">
<skipped>
</skipped>
</testcase>
<testcase name="Document Grid › grid cell content is readable" classname="document-grid.spec.ts" time="0">
<skipped>
</skipped>
</testcase>
<testcase name="Document Grid › grid sorting works" classname="document-grid.spec.ts" time="0">
<skipped>
</skipped>
</testcase>
</testsuite>
<testsuite name="document-list.spec.ts" timestamp="2026-02-19T18:37:54.133Z" hostname="webkit" tests="12" failures="0" skipped="12" time="0" errors="0">
<testcase name="Document List › document list displays correctly" classname="document-list.spec.ts" time="0">
<skipped>
</skipped>
</testcase>
<testcase name="Document List › document count is displayed" classname="document-list.spec.ts" time="0">
<skipped>
</skipped>
</testcase>
<testcase name="Document List › pagination works - next and previous" classname="document-list.spec.ts" time="0">
<skipped>
</skipped>
</testcase>
<testcase name="Document List › page size change works" classname="document-list.spec.ts" time="0">
<skipped>
</skipped>
</testcase>
<testcase name="Document List › sorting by field works" classname="document-list.spec.ts" time="0">
<skipped>
</skipped>
</testcase>
<testcase name="Document List › search functionality works" classname="document-list.spec.ts" time="0">
<skipped>
</skipped>
</testcase>
<testcase name="Document List › empty results handling" classname="document-list.spec.ts" time="0">
<skipped>
</skipped>
</testcase>
<testcase name="Document List › document list shows correct columns" classname="document-list.spec.ts" time="0">
<skipped>
</skipped>
</testcase>
<testcase name="Document List › document actions are available" classname="document-list.spec.ts" time="0">
<skipped>
</skipped>
</testcase>
<testcase name="Document List › pagination shows correct page numbers" classname="document-list.spec.ts" time="0">
<skipped>
</skipped>
</testcase>
<testcase name="Document List › showing X of Y documents text is correct" classname="document-list.spec.ts" time="0">
<skipped>
</skipped>
</testcase>
<testcase name="Document List › document list updates after refresh" classname="document-list.spec.ts" time="0">
<skipped>
</skipped>
</testcase>
</testsuite>
<testsuite name="index-selection.spec.ts" timestamp="2026-02-19T18:37:54.133Z" hostname="webkit" tests="10" failures="0" skipped="10" time="0" errors="0">
<testcase name="Index Selection › index dropdown loads with available indices" classname="index-selection.spec.ts" time="0">
<skipped>
</skipped>
</testcase>
<testcase name="Index Selection › selecting an index loads its mapping" classname="index-selection.spec.ts" time="0">
<skipped>
</skipped>
</testcase>
<testcase name="Index Selection › document count updates when selecting index" classname="index-selection.spec.ts" time="0">
<skipped>
</skipped>
</testcase>
<testcase name="Index Selection › selecting different indices updates the view" classname="index-selection.spec.ts" time="0">
<skipped>
</skipped>
</testcase>
<testcase name="Index Selection › index refresh functionality works" classname="index-selection.spec.ts" time="0">
<skipped>
</skipped>
</testcase>
<testcase name="Index Selection › empty state when no indices exist" classname="index-selection.spec.ts" time="0">
<skipped>
</skipped>
</testcase>
<testcase name="Index Selection › search within index dropdown works" classname="index-selection.spec.ts" time="0">
<skipped>
</skipped>
</testcase>
<testcase name="Index Selection › clearing index selection works" classname="index-selection.spec.ts" time="0">
<skipped>
</skipped>
</testcase>
<testcase name="Index Selection › index dropdown shows correct index names" classname="index-selection.spec.ts" time="0">
<skipped>
</skipped>
</testcase>
<testcase name="Index Selection › selecting index persists on page refresh" classname="index-selection.spec.ts" time="0">
<skipped>
</skipped>
</testcase>
</testsuite>
<testsuite name="mapping-viewer.spec.ts" timestamp="2026-02-19T18:37:54.133Z" hostname="webkit" tests="14" failures="0" skipped="14" time="0" errors="0">
<testcase name="Mapping Viewer › mapping loads for selected index" classname="mapping-viewer.spec.ts" time="0">
<skipped>
</skipped>
</testcase>
<testcase name="Mapping Viewer › mapping tree view displays correctly" classname="mapping-viewer.spec.ts" time="0">
<skipped>
</skipped>
</testcase>
<testcase name="Mapping Viewer › field names are displayed correctly" classname="mapping-viewer.spec.ts" time="0">
<skipped>
</skipped>
</testcase>
<testcase name="Mapping Viewer › field type indicators are shown" classname="mapping-viewer.spec.ts" time="0">
<skipped>
</skipped>
</testcase>
<testcase name="Mapping Viewer › expand and collapse mapping fields" classname="mapping-viewer.spec.ts" time="0">
<skipped>
</skipped>
</testcase>
<testcase name="Mapping Viewer › mapping JSON view displays correctly" classname="mapping-viewer.spec.ts" time="0">
<skipped>
</skipped>
</testcase>
<testcase name="Mapping Viewer › nested mapping displays nested structure" classname="mapping-viewer.spec.ts" time="0">
<skipped>
</skipped>
</testcase>
<testcase name="Mapping Viewer › mapping updates when changing indices" classname="mapping-viewer.spec.ts" time="0">
<skipped>
</skipped>
</testcase>
<testcase name="Mapping Viewer › field type badges are color-coded" classname="mapping-viewer.spec.ts" time="0">
<skipped>
</skipped>
</testcase>
<testcase name="Mapping Viewer › object and nested types are distinguished" classname="mapping-viewer.spec.ts" time="0">
<skipped>
</skipped>
</testcase>
<testcase name="Mapping Viewer › mapping shows correct field count" classname="mapping-viewer.spec.ts" time="0">
<skipped>
</skipped>
</testcase>
<testcase name="Mapping Viewer › field paths are displayed for nested fields" classname="mapping-viewer.spec.ts" time="0">
<skipped>
</skipped>
</testcase>
<testcase name="Mapping Viewer › numeric type variations are shown" classname="mapping-viewer.spec.ts" time="0">
<skipped>
</skipped>
</testcase>
<testcase name="Mapping Viewer › mapping viewer is responsive to window size" classname="mapping-viewer.spec.ts" time="0">
<skipped>
</skipped>
</testcase>
</testsuite>
<testsuite name="nested-fields.spec.ts" timestamp="2026-02-19T18:37:54.133Z" hostname="webkit" tests="17" failures="0" skipped="17" time="0" errors="0">
<testcase name="Nested Fields › Nested Object Editing › display nested object fields" classname="nested-fields.spec.ts" time="0">
<skipped>
</skipped>
</testcase>
<testcase name="Nested Fields › Nested Object Editing › expand and collapse nested objects" classname="nested-fields.spec.ts" time="0">
<skipped>
</skipped>
</testcase>
<testcase name="Nested Fields › Nested Object Editing › edit nested field values" classname="nested-fields.spec.ts" time="0">
<skipped>
</skipped>
</testcase>
<testcase name="Nested Fields › Nested Object Editing › add new nested field" classname="nested-fields.spec.ts" time="0">
<skipped>
</skipped>
</testcase>
<testcase name="Nested Fields › Array Editing › display array fields" classname="nested-fields.spec.ts" time="0">
<skipped>
</skipped>
</testcase>
<testcase name="Nested Fields › Array Editing › edit array elements" classname="nested-fields.spec.ts" time="0">
<skipped>
</skipped>
</testcase>
<testcase name="Nested Fields › Array Editing › add array element" classname="nested-fields.spec.ts" time="0">
<skipped>
</skipped>
</testcase>
<testcase name="Nested Fields › Array Editing › remove array element" classname="nested-fields.spec.ts" time="0">
<skipped>
</skipped>
</testcase>
<testcase name="Nested Fields › Array Editing › nested array objects" classname="nested-fields.spec.ts" time="0">
<skipped>
</skipped>
</testcase>
<testcase name="Nested Fields › Deep Nesting (3+ levels) › display deeply nested structure" classname="nested-fields.spec.ts" time="0">
<skipped>
</skipped>
</testcase>
<testcase name="Nested Fields › Deep Nesting (3+ levels) › edit deeply nested field" classname="nested-fields.spec.ts" time="0">
<skipped>
</skipped>
</testcase>
<testcase name="Nested Fields › JSON Editor Mode › switch to JSON editor mode" classname="nested-fields.spec.ts" time="0">
<skipped>
</skipped>
</testcase>
<testcase name="Nested Fields › JSON Editor Mode › edit document in JSON mode" classname="nested-fields.spec.ts" time="0">
<skipped>
</skipped>
</testcase>
<testcase name="Nested Fields › JSON Editor Mode › no data loss when switching between modes" classname="nested-fields.spec.ts" time="0">
<skipped>
</skipped>
</testcase>
<testcase name="Nested Fields › Type Conversion › number fields accept numeric input" classname="nested-fields.spec.ts" time="0">
<skipped>
</skipped>
</testcase>
<testcase name="Nested Fields › Type Conversion › boolean fields render as checkboxes" classname="nested-fields.spec.ts" time="0">
<skipped>
</skipped>
</testcase>
<testcase name="Nested Fields › Type Conversion › date fields accept date input" classname="nested-fields.spec.ts" time="0">
<skipped>
</skipped>
</testcase>
</testsuite>
<testsuite name="plugin-installation.spec.ts" timestamp="2026-02-19T18:37:54.133Z" hostname="webkit" tests="8" failures="0" skipped="8" time="0" errors="0">
<testcase name="Plugin Installation › plugin appears in OSD navigation" classname="plugin-installation.spec.ts" time="0">
<skipped>
</skipped>
</testcase>
<testcase name="Plugin Installation › plugin navigation works" classname="plugin-installation.spec.ts" time="0">
<skipped>
</skipped>
</testcase>
<testcase name="Plugin Installation › plugin loads without errors" classname="plugin-installation.spec.ts" time="0">
<skipped>
</skipped>
</testcase>
<testcase name="Plugin Installation › plugin page has correct title" classname="plugin-installation.spec.ts" time="0">
<skipped>
</skipped>
</testcase>
<testcase name="Plugin Installation › no console errors on plugin load" classname="plugin-installation.spec.ts" time="0">
<skipped>
</skipped>
</testcase>
<testcase name="Plugin Installation › plugin components are rendered" classname="plugin-installation.spec.ts" time="0">
<skipped>
</skipped>
</testcase>
<testcase name="Plugin Installation › plugin responds to browser back button" classname="plugin-installation.spec.ts" time="0">
<skipped>
</skipped>
</testcase>
<testcase name="Plugin Installation › plugin is accessible via direct URL" classname="plugin-installation.spec.ts" time="0">
<skipped>
</skipped>
</testcase>
</testsuite>
<testsuite name="search.spec.ts" timestamp="2026-02-19T18:37:54.133Z" hostname="webkit" tests="10" failures="0" skipped="10" time="0" errors="0">
<testcase name="Document Search › search input is visible and functional" classname="search.spec.ts" time="0">
<skipped>
</skipped>
</testcase>
<testcase name="Document Search › search input is disabled when no index is selected" classname="search.spec.ts" time="0">
<skipped>
</skipped>
</testcase>
<testcase name="Document Search › search with valid query returns results" classname="search.spec.ts" time="0">
<skipped>
</skipped>
</testcase>
<testcase name="Document Search › search with multi-word query works" classname="search.spec.ts" time="0">
<skipped>
</skipped>
</testcase>
<testcase name="Document Search › search with no results shows empty state" classname="search.spec.ts" time="0">
<skipped>
</skipped>
</testcase>
<testcase name="Document Search › clear search restores full document list" classname="search.spec.ts" time="0">
<skipped>
</skipped>
</testcase>
<testcase name="Document Search › search input has clear button" classname="search.spec.ts" time="0">
<skipped>
</skipped>
</testcase>
<testcase name="Document Search › debounced search does not fire on every keystroke" classname="search.spec.ts" time="0">
<skipped>
</skipped>
</testcase>
<testcase name="Document Search › search shows loading indicator during search" classname="search.spec.ts" time="0">
<skipped>
</skipped>
</testcase>
<testcase name="Document Search › search query persists across page navigation" classname="search.spec.ts" time="0">
<skipped>
</skipped>
</testcase>
</testsuite>
<testsuite name="tag-management.spec.ts" timestamp="2026-02-19T18:37:54.133Z" hostname="webkit" tests="11" failures="0" skipped="11" time="0" errors="0">
<testcase name="Tag Management › tag manager component is present in document editor" classname="tag-management.spec.ts" time="0">
<skipped>
</skipped>
</testcase>
<testcase name="Tag Management › tags display as EuiBadge components" classname="tag-management.spec.ts" time="0">
<skipped>
</skipped>
</testcase>
<testcase name="Tag Management › tag delete button exists" classname="tag-management.spec.ts" time="0">
<skipped>
</skipped>
</testcase>
<testcase name="Tag Management › add tag button exists" classname="tag-management.spec.ts" time="0">
<skipped>
</skipped>
</testcase>
<testcase name="Tag Management › add tag flow works" classname="tag-management.spec.ts" time="0">
<skipped>
</skipped>
</testcase>
<testcase name="Tag Management › cancel add tag works" classname="tag-management.spec.ts" time="0">
<skipped>
</skipped>
</testcase>
<testcase name="Tag Management › delete tag works" classname="tag-management.spec.ts" time="0">
<skipped>
</skipped>
</testcase>
<testcase name="Tag Management › tags show different colors for different types" classname="tag-management.spec.ts" time="0">
<skipped>
</skipped>
</testcase>
<testcase name="Tag Management › tag input handles enter key" classname="tag-management.spec.ts" time="0">
<skipped>
</skipped>
</testcase>
<testcase name="Tag Management › tag input handles escape key" classname="tag-management.spec.ts" time="0">
<skipped>
</skipped>
</testcase>
<testcase name="Tag Management › empty array shows placeholder" classname="tag-management.spec.ts" time="0">
<skipped>
</skipped>
</testcase>
</testsuite>
<testsuite name="document-crud.spec.ts" timestamp="2026-02-19T18:37:54.133Z" hostname="Mobile Chrome" tests="9" failures="0" skipped="9" time="0" errors="0">
<testcase name="Document CRUD › Create Document › create document with simple fields" classname="document-crud.spec.ts" time="0">
<skipped>
</skipped>
</testcase>
<testcase name="Document CRUD › Create Document › create document with auto-generated ID" classname="document-crud.spec.ts" time="0">
<skipped>
</skipped>
</testcase>
<testcase name="Document CRUD › Create Document › create document using JSON editor" classname="document-crud.spec.ts" time="0">
<skipped>
</skipped>
</testcase>
<testcase name="Document CRUD › Create Document › cancel create does not save document" classname="document-crud.spec.ts" time="0">
<skipped>
</skipped>
</testcase>
<testcase name="Document CRUD › Read Document › view document displays correct fields" classname="document-crud.spec.ts" time="0">
<skipped>
</skipped>
</testcase>
<testcase name="Document CRUD › Update Document › update document fields" classname="document-crud.spec.ts" time="0">
<skipped>
</skipped>
</testcase>
<testcase name="Document CRUD › Update Document › cancel update does not save changes" classname="document-crud.spec.ts" time="0">
<skipped>
</skipped>
</testcase>
<testcase name="Document CRUD › Delete Document › delete document with confirmation" classname="document-crud.spec.ts" time="0">
<skipped>
</skipped>
</testcase>
<testcase name="Document CRUD › Delete Document › cancel delete keeps document" classname="document-crud.spec.ts" time="0">
<skipped>
</skipped>
</testcase>
</testsuite>
<testsuite name="document-grid.spec.ts" timestamp="2026-02-19T18:37:54.133Z" hostname="Mobile Chrome" tests="14" failures="0" skipped="14" time="0" errors="0">
<testcase name="Document Grid › document grid displays correctly" classname="document-grid.spec.ts" time="0">
<skipped>
</skipped>
</testcase>
<testcase name="Document Grid › grid shows ID column" classname="document-grid.spec.ts" time="0">
<skipped>
</skipped>
</testcase>
<testcase name="Document Grid › grid displays document IDs" classname="document-grid.spec.ts" time="0">
<skipped>
</skipped>
</testcase>
<testcase name="Document Grid › grid pagination works" classname="document-grid.spec.ts" time="0">
<skipped>
</skipped>
</testcase>
<testcase name="Document Grid › page size selector works" classname="document-grid.spec.ts" time="0">
<skipped>
</skipped>
</testcase>
<testcase name="Document Grid › grid columns are visible" classname="document-grid.spec.ts" time="0">
<skipped>
</skipped>
</testcase>
<testcase name="Document Grid › grid toolbar is present" classname="document-grid.spec.ts" time="0">
<skipped>
</skipped>
</testcase>
<testcase name="Document Grid › column visibility selector works" classname="document-grid.spec.ts" time="0">
<skipped>
</skipped>
</testcase>
<testcase name="Document Grid › grid shows actions column" classname="document-grid.spec.ts" time="0">
<skipped>
</skipped>
</testcase>
<testcase name="Document Grid › edit button in grid works" classname="document-grid.spec.ts" time="0">
<skipped>
</skipped>
</testcase>
<testcase name="Document Grid › grid is responsive" classname="document-grid.spec.ts" time="0">
<skipped>
</skipped>
</testcase>
<testcase name="Document Grid › grid handles empty state" classname="document-grid.spec.ts" time="0">
<skipped>
</skipped>
</testcase>
<testcase name="Document Grid › grid cell content is readable" classname="document-grid.spec.ts" time="0">
<skipped>
</skipped>
</testcase>
<testcase name="Document Grid › grid sorting works" classname="document-grid.spec.ts" time="0">
<skipped>
</skipped>
</testcase>
</testsuite>
<testsuite name="document-list.spec.ts" timestamp="2026-02-19T18:37:54.133Z" hostname="Mobile Chrome" tests="12" failures="0" skipped="12" time="0" errors="0">
<testcase name="Document List › document list displays correctly" classname="document-list.spec.ts" time="0">
<skipped>
</skipped>
</testcase>
<testcase name="Document List › document count is displayed" classname="document-list.spec.ts" time="0">
<skipped>
</skipped>
</testcase>
<testcase name="Document List › pagination works - next and previous" classname="document-list.spec.ts" time="0">
<skipped>
</skipped>
</testcase>
<testcase name="Document List › page size change works" classname="document-list.spec.ts" time="0">
<skipped>
</skipped>
</testcase>
<testcase name="Document List › sorting by field works" classname="document-list.spec.ts" time="0">
<skipped>
</skipped>
</testcase>
<testcase name="Document List › search functionality works" classname="document-list.spec.ts" time="0">
<skipped>
</skipped>
</testcase>
<testcase name="Document List › empty results handling" classname="document-list.spec.ts" time="0">
<skipped>
</skipped>
</testcase>
<testcase name="Document List › document list shows correct columns" classname="document-list.spec.ts" time="0">
<skipped>
</skipped>
</testcase>
<testcase name="Document List › document actions are available" classname="document-list.spec.ts" time="0">
<skipped>
</skipped>
</testcase>
<testcase name="Document List › pagination shows correct page numbers" classname="document-list.spec.ts" time="0">
<skipped>
</skipped>
</testcase>
<testcase name="Document List › showing X of Y documents text is correct" classname="document-list.spec.ts" time="0">
<skipped>
</skipped>
</testcase>
<testcase name="Document List › document list updates after refresh" classname="document-list.spec.ts" time="0">
<skipped>
</skipped>
</testcase>
</testsuite>
<testsuite name="index-selection.spec.ts" timestamp="2026-02-19T18:37:54.133Z" hostname="Mobile Chrome" tests="10" failures="0" skipped="10" time="0" errors="0">
<testcase name="Index Selection › index dropdown loads with available indices" classname="index-selection.spec.ts" time="0">
<skipped>
</skipped>
</testcase>
<testcase name="Index Selection › selecting an index loads its mapping" classname="index-selection.spec.ts" time="0">
<skipped>
</skipped>
</testcase>
<testcase name="Index Selection › document count updates when selecting index" classname="index-selection.spec.ts" time="0">
<skipped>
</skipped>
</testcase>
<testcase name="Index Selection › selecting different indices updates the view" classname="index-selection.spec.ts" time="0">
<skipped>
</skipped>
</testcase>
<testcase name="Index Selection › index refresh functionality works" classname="index-selection.spec.ts" time="0">
<skipped>
</skipped>
</testcase>
<testcase name="Index Selection › empty state when no indices exist" classname="index-selection.spec.ts" time="0">
<skipped>
</skipped>
</testcase>
<testcase name="Index Selection › search within index dropdown works" classname="index-selection.spec.ts" time="0">
<skipped>
</skipped>
</testcase>
<testcase name="Index Selection › clearing index selection works" classname="index-selection.spec.ts" time="0">
<skipped>
</skipped>
</testcase>
<testcase name="Index Selection › index dropdown shows correct index names" classname="index-selection.spec.ts" time="0">
<skipped>
</skipped>
</testcase>
<testcase name="Index Selection › selecting index persists on page refresh" classname="index-selection.spec.ts" time="0">
<skipped>
</skipped>
</testcase>
</testsuite>
<testsuite name="mapping-viewer.spec.ts" timestamp="2026-02-19T18:37:54.133Z" hostname="Mobile Chrome" tests="14" failures="0" skipped="14" time="0" errors="0">
<testcase name="Mapping Viewer › mapping loads for selected index" classname="mapping-viewer.spec.ts" time="0">
<skipped>
</skipped>
</testcase>
<testcase name="Mapping Viewer › mapping tree view displays correctly" classname="mapping-viewer.spec.ts" time="0">
<skipped>
</skipped>
</testcase>
<testcase name="Mapping Viewer › field names are displayed correctly" classname="mapping-viewer.spec.ts" time="0">
<skipped>
</skipped>
</testcase>
<testcase name="Mapping Viewer › field type indicators are shown" classname="mapping-viewer.spec.ts" time="0">
<skipped>
</skipped>
</testcase>
<testcase name="Mapping Viewer › expand and collapse mapping fields" classname="mapping-viewer.spec.ts" time="0">
<skipped>
</skipped>
</testcase>
<testcase name="Mapping Viewer › mapping JSON view displays correctly" classname="mapping-viewer.spec.ts" time="0">
<skipped>
</skipped>
</testcase>
<testcase name="Mapping Viewer › nested mapping displays nested structure" classname="mapping-viewer.spec.ts" time="0">
<skipped>
</skipped>
</testcase>
<testcase name="Mapping Viewer › mapping updates when changing indices" classname="mapping-viewer.spec.ts" time="0">
<skipped>
</skipped>
</testcase>
<testcase name="Mapping Viewer › field type badges are color-coded" classname="mapping-viewer.spec.ts" time="0">
<skipped>
</skipped>
</testcase>
<testcase name="Mapping Viewer › object and nested types are distinguished" classname="mapping-viewer.spec.ts" time="0">
<skipped>
</skipped>
</testcase>
<testcase name="Mapping Viewer › mapping shows correct field count" classname="mapping-viewer.spec.ts" time="0">
<skipped>
</skipped>
</testcase>
<testcase name="Mapping Viewer › field paths are displayed for nested fields" classname="mapping-viewer.spec.ts" time="0">
<skipped>
</skipped>
</testcase>
<testcase name="Mapping Viewer › numeric type variations are shown" classname="mapping-viewer.spec.ts" time="0">
<skipped>
</skipped>
</testcase>
<testcase name="Mapping Viewer › mapping viewer is responsive to window size" classname="mapping-viewer.spec.ts" time="0">
<skipped>
</skipped>
</testcase>
</testsuite>
<testsuite name="nested-fields.spec.ts" timestamp="2026-02-19T18:37:54.133Z" hostname="Mobile Chrome" tests="17" failures="0" skipped="17" time="0" errors="0">
<testcase name="Nested Fields › Nested Object Editing › display nested object fields" classname="nested-fields.spec.ts" time="0">
<skipped>
</skipped>
</testcase>
<testcase name="Nested Fields › Nested Object Editing › expand and collapse nested objects" classname="nested-fields.spec.ts" time="0">
<skipped>
</skipped>
</testcase>
<testcase name="Nested Fields › Nested Object Editing › edit nested field values" classname="nested-fields.spec.ts" time="0">
<skipped>
</skipped>
</testcase>
<testcase name="Nested Fields › Nested Object Editing › add new nested field" classname="nested-fields.spec.ts" time="0">
<skipped>
</skipped>
</testcase>
<testcase name="Nested Fields › Array Editing › display array fields" classname="nested-fields.spec.ts" time="0">
<skipped>
</skipped>
</testcase>
<testcase name="Nested Fields › Array Editing › edit array elements" classname="nested-fields.spec.ts" time="0">
<skipped>
</skipped>
</testcase>
<testcase name="Nested Fields › Array Editing › add array element" classname="nested-fields.spec.ts" time="0">
<skipped>
</skipped>
</testcase>
<testcase name="Nested Fields › Array Editing › remove array element" classname="nested-fields.spec.ts" time="0">
<skipped>
</skipped>
</testcase>
<testcase name="Nested Fields › Array Editing › nested array objects" classname="nested-fields.spec.ts" time="0">
<skipped>
</skipped>
</testcase>
<testcase name="Nested Fields › Deep Nesting (3+ levels) › display deeply nested structure" classname="nested-fields.spec.ts" time="0">
<skipped>
</skipped>
</testcase>
<testcase name="Nested Fields › Deep Nesting (3+ levels) › edit deeply nested field" classname="nested-fields.spec.ts" time="0">
<skipped>
</skipped>
</testcase>
<testcase name="Nested Fields › JSON Editor Mode › switch to JSON editor mode" classname="nested-fields.spec.ts" time="0">
<skipped>
</skipped>
</testcase>
<testcase name="Nested Fields › JSON Editor Mode › edit document in JSON mode" classname="nested-fields.spec.ts" time="0">
<skipped>
</skipped>
</testcase>
<testcase name="Nested Fields › JSON Editor Mode › no data loss when switching between modes" classname="nested-fields.spec.ts" time="0">
<skipped>
</skipped>
</testcase>
<testcase name="Nested Fields › Type Conversion › number fields accept numeric input" classname="nested-fields.spec.ts" time="0">
<skipped>
</skipped>
</testcase>
<testcase name="Nested Fields › Type Conversion › boolean fields render as checkboxes" classname="nested-fields.spec.ts" time="0">
<skipped>
</skipped>
</testcase>
<testcase name="Nested Fields › Type Conversion › date fields accept date input" classname="nested-fields.spec.ts" time="0">
<skipped>
</skipped>
</testcase>
</testsuite>
<testsuite name="plugin-installation.spec.ts" timestamp="2026-02-19T18:37:54.133Z" hostname="Mobile Chrome" tests="8" failures="0" skipped="8" time="0" errors="0">
<testcase name="Plugin Installation › plugin appears in OSD navigation" classname="plugin-installation.spec.ts" time="0">
<skipped>
</skipped>
</testcase>
<testcase name="Plugin Installation › plugin navigation works" classname="plugin-installation.spec.ts" time="0">
<skipped>
</skipped>
</testcase>
<testcase name="Plugin Installation › plugin loads without errors" classname="plugin-installation.spec.ts" time="0">
<skipped>
</skipped>
</testcase>
<testcase name="Plugin Installation › plugin page has correct title" classname="plugin-installation.spec.ts" time="0">
<skipped>
</skipped>
</testcase>
<testcase name="Plugin Installation › no console errors on plugin load" classname="plugin-installation.spec.ts" time="0">
<skipped>
</skipped>
</testcase>
<testcase name="Plugin Installation › plugin components are rendered" classname="plugin-installation.spec.ts" time="0">
<skipped>
</skipped>
</testcase>
<testcase name="Plugin Installation › plugin responds to browser back button" classname="plugin-installation.spec.ts" time="0">
<skipped>
</skipped>
</testcase>
<testcase name="Plugin Installation › plugin is accessible via direct URL" classname="plugin-installation.spec.ts" time="0">
<skipped>
</skipped>
</testcase>
</testsuite>
<testsuite name="search.spec.ts" timestamp="2026-02-19T18:37:54.133Z" hostname="Mobile Chrome" tests="10" failures="0" skipped="10" time="0" errors="0">
<testcase name="Document Search › search input is visible and functional" classname="search.spec.ts" time="0">
<skipped>
</skipped>
</testcase>
<testcase name="Document Search › search input is disabled when no index is selected" classname="search.spec.ts" time="0">
<skipped>
</skipped>
</testcase>
<testcase name="Document Search › search with valid query returns results" classname="search.spec.ts" time="0">
<skipped>
</skipped>
</testcase>
<testcase name="Document Search › search with multi-word query works" classname="search.spec.ts" time="0">
<skipped>
</skipped>
</testcase>
<testcase name="Document Search › search with no results shows empty state" classname="search.spec.ts" time="0">
<skipped>
</skipped>
</testcase>
<testcase name="Document Search › clear search restores full document list" classname="search.spec.ts" time="0">
<skipped>
</skipped>
</testcase>
<testcase name="Document Search › search input has clear button" classname="search.spec.ts" time="0">
<skipped>
</skipped>
</testcase>
<testcase name="Document Search › debounced search does not fire on every keystroke" classname="search.spec.ts" time="0">
<skipped>
</skipped>
</testcase>
<testcase name="Document Search › search shows loading indicator during search" classname="search.spec.ts" time="0">
<skipped>
</skipped>
</testcase>
<testcase name="Document Search › search query persists across page navigation" classname="search.spec.ts" time="0">
<skipped>
</skipped>
</testcase>
</testsuite>
<testsuite name="tag-management.spec.ts" timestamp="2026-02-19T18:37:54.133Z" hostname="Mobile Chrome" tests="11" failures="0" skipped="11" time="0" errors="0">
<testcase name="Tag Management › tag manager component is present in document editor" classname="tag-management.spec.ts" time="0">
<skipped>
</skipped>
</testcase>
<testcase name="Tag Management › tags display as EuiBadge components" classname="tag-management.spec.ts" time="0">
<skipped>
</skipped>
</testcase>
<testcase name="Tag Management › tag delete button exists" classname="tag-management.spec.ts" time="0">
<skipped>
</skipped>
</testcase>
<testcase name="Tag Management › add tag button exists" classname="tag-management.spec.ts" time="0">
<skipped>
</skipped>
</testcase>
<testcase name="Tag Management › add tag flow works" classname="tag-management.spec.ts" time="0">
<skipped>
</skipped>
</testcase>
<testcase name="Tag Management › cancel add tag works" classname="tag-management.spec.ts" time="0">
<skipped>
</skipped>
</testcase>
<testcase name="Tag Management › delete tag works" classname="tag-management.spec.ts" time="0">
<skipped>
</skipped>
</testcase>
<testcase name="Tag Management › tags show different colors for different types" classname="tag-management.spec.ts" time="0">
<skipped>
</skipped>
</testcase>
<testcase name="Tag Management › tag input handles enter key" classname="tag-management.spec.ts" time="0">
<skipped>
</skipped>
</testcase>
<testcase name="Tag Management › tag input handles escape key" classname="tag-management.spec.ts" time="0">
<skipped>
</skipped>
</testcase>
<testcase name="Tag Management › empty array shows placeholder" classname="tag-management.spec.ts" time="0">
<skipped>
</skipped>
</testcase>
</testsuite>
<testsuite name="document-crud.spec.ts" timestamp="2026-02-19T18:37:54.133Z" hostname="Microsoft Edge" tests="9" failures="0" skipped="9" time="0" errors="0">
<testcase name="Document CRUD › Create Document › create document with simple fields" classname="document-crud.spec.ts" time="0">
<skipped>
</skipped>
</testcase>
<testcase name="Document CRUD › Create Document › create document with auto-generated ID" classname="document-crud.spec.ts" time="0">
<skipped>
</skipped>
</testcase>
<testcase name="Document CRUD › Create Document › create document using JSON editor" classname="document-crud.spec.ts" time="0">
<skipped>
</skipped>
</testcase>
<testcase name="Document CRUD › Create Document › cancel create does not save document" classname="document-crud.spec.ts" time="0">
<skipped>
</skipped>
</testcase>
<testcase name="Document CRUD › Read Document › view document displays correct fields" classname="document-crud.spec.ts" time="0">
<skipped>
</skipped>
</testcase>
<testcase name="Document CRUD › Update Document › update document fields" classname="document-crud.spec.ts" time="0">
<skipped>
</skipped>
</testcase>
<testcase name="Document CRUD › Update Document › cancel update does not save changes" classname="document-crud.spec.ts" time="0">
<skipped>
</skipped>
</testcase>
<testcase name="Document CRUD › Delete Document › delete document with confirmation" classname="document-crud.spec.ts" time="0">
<skipped>
</skipped>
</testcase>
<testcase name="Document CRUD › Delete Document › cancel delete keeps document" classname="document-crud.spec.ts" time="0">
<skipped>
</skipped>
</testcase>
</testsuite>
<testsuite name="document-grid.spec.ts" timestamp="2026-02-19T18:37:54.133Z" hostname="Microsoft Edge" tests="14" failures="0" skipped="14" time="0" errors="0">
<testcase name="Document Grid › document grid displays correctly" classname="document-grid.spec.ts" time="0">
<skipped>
</skipped>
</testcase>
<testcase name="Document Grid › grid shows ID column" classname="document-grid.spec.ts" time="0">
<skipped>
</skipped>
</testcase>
<testcase name="Document Grid › grid displays document IDs" classname="document-grid.spec.ts" time="0">
<skipped>
</skipped>
</testcase>
<testcase name="Document Grid › grid pagination works" classname="document-grid.spec.ts" time="0">
<skipped>
</skipped>
</testcase>
<testcase name="Document Grid › page size selector works" classname="document-grid.spec.ts" time="0">
<skipped>
</skipped>
</testcase>
<testcase name="Document Grid › grid columns are visible" classname="document-grid.spec.ts" time="0">
<skipped>
</skipped>
</testcase>
<testcase name="Document Grid › grid toolbar is present" classname="document-grid.spec.ts" time="0">
<skipped>
</skipped>
</testcase>
<testcase name="Document Grid › column visibility selector works" classname="document-grid.spec.ts" time="0">
<skipped>
</skipped>
</testcase>
<testcase name="Document Grid › grid shows actions column" classname="document-grid.spec.ts" time="0">
<skipped>
</skipped>
</testcase>
<testcase name="Document Grid › edit button in grid works" classname="document-grid.spec.ts" time="0">
<skipped>
</skipped>
</testcase>
<testcase name="Document Grid › grid is responsive" classname="document-grid.spec.ts" time="0">
<skipped>
</skipped>
</testcase>
<testcase name="Document Grid › grid handles empty state" classname="document-grid.spec.ts" time="0">
<skipped>
</skipped>
</testcase>
<testcase name="Document Grid › grid cell content is readable" classname="document-grid.spec.ts" time="0">
<skipped>
</skipped>
</testcase>
<testcase name="Document Grid › grid sorting works" classname="document-grid.spec.ts" time="0">
<skipped>
</skipped>
</testcase>
</testsuite>
<testsuite name="document-list.spec.ts" timestamp="2026-02-19T18:37:54.133Z" hostname="Microsoft Edge" tests="12" failures="0" skipped="12" time="0" errors="0">
<testcase name="Document List › document list displays correctly" classname="document-list.spec.ts" time="0">
<skipped>
</skipped>
</testcase>
<testcase name="Document List › document count is displayed" classname="document-list.spec.ts" time="0">
<skipped>
</skipped>
</testcase>
<testcase name="Document List › pagination works - next and previous" classname="document-list.spec.ts" time="0">
<skipped>
</skipped>
</testcase>
<testcase name="Document List › page size change works" classname="document-list.spec.ts" time="0">
<skipped>
</skipped>
</testcase>
<testcase name="Document List › sorting by field works" classname="document-list.spec.ts" time="0">
<skipped>
</skipped>
</testcase>
<testcase name="Document List › search functionality works" classname="document-list.spec.ts" time="0">
<skipped>
</skipped>
</testcase>
<testcase name="Document List › empty results handling" classname="document-list.spec.ts" time="0">
<skipped>
</skipped>
</testcase>
<testcase name="Document List › document list shows correct columns" classname="document-list.spec.ts" time="0">
<skipped>
</skipped>
</testcase>
<testcase name="Document List › document actions are available" classname="document-list.spec.ts" time="0">
<skipped>
</skipped>
</testcase>
<testcase name="Document List › pagination shows correct page numbers" classname="document-list.spec.ts" time="0">
<skipped>
</skipped>
</testcase>
<testcase name="Document List › showing X of Y documents text is correct" classname="document-list.spec.ts" time="0">
<skipped>
</skipped>
</testcase>
<testcase name="Document List › document list updates after refresh" classname="document-list.spec.ts" time="0">
<skipped>
</skipped>
</testcase>
[...]
<skipped>
</skipped>
</testcase>
<testcase name="Document Search › search with multi-word query works" classname="search.spec.ts" time="0">
<skipped>
</skipped>
</testcase>
<testcase name="Document Search › search with no results shows empty state" classname="search.spec.ts" time="0">
<skipped>
</skipped>
</testcase>
<testcase name="Document Search › clear search restores full document list" classname="search.spec.ts" time="0">
<skipped>
</skipped>
</testcase>
<testcase name="Document Search › search input has clear button" classname="search.spec.ts" time="0">
<skipped>
</skipped>
</testcase>
<testcase name="Document Search › debounced search does not fire on every keystroke" classname="search.spec.ts" time="0">
<skipped>
</skipped>
</testcase>
<testcase name="Document Search › search shows loading indicator during search" classname="search.spec.ts" time="0">
<skipped>
</skipped>
</testcase>
<testcase name="Document Search › search query persists across page navigation" classname="search.spec.ts" time="0">
<skipped>
</skipped>
</testcase>
</testsuite>
<testsuite name="tag-management.spec.ts" timestamp="2026-02-19T18:37:54.133Z" hostname="Microsoft Edge" tests="11" failures="0" skipped="11" time="0" errors="0">
<testcase name="Tag Management › tag manager component is present in document editor" classname="tag-management.spec.ts" time="0">
<skipped>
</skipped>
</testcase>
<testcase name="Tag Management › tags display as EuiBadge components" classname="tag-management.spec.ts" time="0">
<skipped>
</skipped>
</testcase>
<testcase name="Tag Management › tag delete button exists" classname="tag-management.spec.ts" time="0">
<skipped>
</skipped>
</testcase>
<testcase name="Tag Management › add tag button exists" classname="tag-management.spec.ts" time="0">
<skipped>
</skipped>
</testcase>
<testcase name="Tag Management › add tag flow works" classname="tag-management.spec.ts" time="0">
<skipped>
</skipped>
</testcase>
<testcase name="Tag Management › cancel add tag works" classname="tag-management.spec.ts" time="0">
<skipped>
</skipped>
</testcase>
<testcase name="Tag Management › delete tag works" classname="tag-management.spec.ts" time="0">
<skipped>
</skipped>
</testcase>
<testcase name="Tag Management › tags show different colors for different types" classname="tag-management.spec.ts" time="0">
<skipped>
</skipped>
</testcase>
<testcase name="Tag Management › tag input handles enter key" classname="tag-management.spec.ts" time="0">
<skipped>
</skipped>
</testcase>
<testcase name="Tag Management › tag input handles escape key" classname="tag-management.spec.ts" time="0">
<skipped>
</skipped>
</testcase>
<testcase name="Tag Management › empty array shows placeholder" classname="tag-management.spec.ts" time="0">
<skipped>
</skipped>
</testcase>
</testsuite>
<testsuite name="document-crud.spec.ts" timestamp="2026-02-19T18:37:54.133Z" hostname="Google Chrome" tests="9" failures="0" skipped="9" time="0" errors="0">
<testcase name="Document CRUD › Create Document › create document with simple fields" classname="document-crud.spec.ts" time="0">
<skipped>
</skipped>
</testcase>
<testcase name="Document CRUD › Create Document › create document with auto-generated ID" classname="document-crud.spec.ts" time="0">
<skipped>
</skipped>
</testcase>
<testcase name="Document CRUD › Create Document › create document using JSON editor" classname="document-crud.spec.ts" time="0">
<skipped>
</skipped>
</testcase>
<testcase name="Document CRUD › Create Document › cancel create does not save document" classname="document-crud.spec.ts" time="0">
<skipped>
</skipped>
</testcase>
<testcase name="Document CRUD › Read Document › view document displays correct fields" classname="document-crud.spec.ts" time="0">
<skipped>
</skipped>
</testcase>
<testcase name="Document CRUD › Update Document › update document fields" classname="document-crud.spec.ts" time="0">
<skipped>
</skipped>
</testcase>
<testcase name="Document CRUD › Update Document › cancel update does not save changes" classname="document-crud.spec.ts" time="0">
<skipped>
</skipped>
</testcase>
<testcase name="Document CRUD › Delete Document › delete document with confirmation" classname="document-crud.spec.ts" time="0">
<skipped>
</skipped>
</testcase>
<testcase name="Document CRUD › Delete Document › cancel delete keeps document" classname="document-crud.spec.ts" time="0">
<skipped>
</skipped>
</testcase>
</testsuite>
<testsuite name="document-grid.spec.ts" timestamp="2026-02-19T18:37:54.133Z" hostname="Google Chrome" tests="14" failures="0" skipped="14" time="0" errors="0">
<testcase name="Document Grid › document grid displays correctly" classname="document-grid.spec.ts" time="0">
<skipped>
</skipped>
</testcase>
<testcase name="Document Grid › grid shows ID column" classname="document-grid.spec.ts" time="0">
<skipped>
</skipped>
</testcase>
<testcase name="Document Grid › grid displays document IDs" classname="document-grid.spec.ts" time="0">
<skipped>
</skipped>
</testcase>
<testcase name="Document Grid › grid pagination works" classname="document-grid.spec.ts" time="0">
<skipped>
</skipped>
</testcase>
<testcase name="Document Grid › page size selector works" classname="document-grid.spec.ts" time="0">
<skipped>
</skipped>
</testcase>
<testcase name="Document Grid › grid columns are visible" classname="document-grid.spec.ts" time="0">
<skipped>
</skipped>
</testcase>
<testcase name="Document Grid › grid toolbar is present" classname="document-grid.spec.ts" time="0">
<skipped>
</skipped>
</testcase>
<testcase name="Document Grid › column visibility selector works" classname="document-grid.spec.ts" time="0">
<skipped>
</skipped>
</testcase>
<testcase name="Document Grid › grid shows actions column" classname="document-grid.spec.ts" time="0">
<skipped>
</skipped>
</testcase>
<testcase name="Document Grid › edit button in grid works" classname="document-grid.spec.ts" time="0">
<skipped>
</skipped>
</testcase>
<testcase name="Document Grid › grid is responsive" classname="document-grid.spec.ts" time="0">
<skipped>
</skipped>
</testcase>
<testcase name="Document Grid › grid handles empty state" classname="document-grid.spec.ts" time="0">
<skipped>
</skipped>
</testcase>
<testcase name="Document Grid › grid cell content is readable" classname="document-grid.spec.ts" time="0">
<skipped>
</skipped>
</testcase>
<testcase name="Document Grid › grid sorting works" classname="document-grid.spec.ts" time="0">
<skipped>
</skipped>
</testcase>
</testsuite>
<testsuite name="document-list.spec.ts" timestamp="2026-02-19T18:37:54.133Z" hostname="Google Chrome" tests="12" failures="0" skipped="12" time="0" errors="0">
<testcase name="Document List › document list displays correctly" classname="document-list.spec.ts" time="0">
<skipped>
</skipped>
</testcase>
<testcase name="Document List › document count is displayed" classname="document-list.spec.ts" time="0">
<skipped>
</skipped>
</testcase>
<testcase name="Document List › pagination works - next and previous" classname="document-list.spec.ts" time="0">
<skipped>
</skipped>
</testcase>
<testcase name="Document List › page size change works" classname="document-list.spec.ts" time="0">
<skipped>
</skipped>
</testcase>
<testcase name="Document List › sorting by field works" classname="document-list.spec.ts" time="0">
<skipped>
</skipped>
</testcase>
<testcase name="Document List › search functionality works" classname="document-list.spec.ts" time="0">
<skipped>
</skipped>
</testcase>
<testcase name="Document List › empty results handling" classname="document-list.spec.ts" time="0">
<skipped>
</skipped>
</testcase>
<testcase name="Document List › document list shows correct columns" classname="document-list.spec.ts" time="0">
<skipped>
</skipped>
</testcase>
<testcase name="Document List › document actions are available" classname="document-list.spec.ts" time="0">
<skipped>
</skipped>
</testcase>
<testcase name="Document List › pagination shows correct page numbers" classname="document-list.spec.ts" time="0">
<skipped>
</skipped>
</testcase>
<testcase name="Document List › showing X of Y documents text is correct" classname="document-list.spec.ts" time="0">
<skipped>
</skipped>
</testcase>
<testcase name="Document List › document list updates after refresh" classname="document-list.spec.ts" time="0">
<skipped>
</skipped>
</testcase>
</testsuite>
<testsuite name="index-selection.spec.ts" timestamp="2026-02-19T18:37:54.133Z" hostname="Google Chrome" tests="10" failures="0" skipped="10" time="0" errors="0">
<testcase name="Index Selection › index dropdown loads with available indices" classname="index-selection.spec.ts" time="0">
<skipped>
</skipped>
</testcase>
<testcase name="Index Selection › selecting an index loads its mapping" classname="index-selection.spec.ts" time="0">
<skipped>
</skipped>
</testcase>
<testcase name="Index Selection › document count updates when selecting index" classname="index-selection.spec.ts" time="0">
<skipped>
</skipped>
</testcase>
<testcase name="Index Selection › selecting different indices updates the view" classname="index-selection.spec.ts" time="0">
<skipped>
</skipped>
</testcase>
<testcase name="Index Selection › index refresh functionality works" classname="index-selection.spec.ts" time="0">
<skipped>
</skipped>
</testcase>
<testcase name="Index Selection › empty state when no indices exist" classname="index-selection.spec.ts" time="0">
<skipped>
</skipped>
</testcase>
<testcase name="Index Selection › search within index dropdown works" classname="index-selection.spec.ts" time="0">
<skipped>
</skipped>
</testcase>
<testcase name="Index Selection › clearing index selection works" classname="index-selection.spec.ts" time="0">
<skipped>
</skipped>
</testcase>
<testcase name="Index Selection › index dropdown shows correct index names" classname="index-selection.spec.ts" time="0">
<skipped>
</skipped>
</testcase>
<testcase name="Index Selection › selecting index persists on page refresh" classname="index-selection.spec.ts" time="0">
<skipped>
</skipped>
</testcase>
</testsuite>
<testsuite name="mapping-viewer.spec.ts" timestamp="2026-02-19T18:37:54.133Z" hostname="Google Chrome" tests="14" failures="0" skipped="14" time="0" errors="0">
<testcase name="Mapping Viewer › mapping loads for selected index" classname="mapping-viewer.spec.ts" time="0">
<skipped>
</skipped>
</testcase>
<testcase name="Mapping Viewer › mapping tree view displays correctly" classname="mapping-viewer.spec.ts" time="0">
<skipped>
</skipped>
</testcase>
<testcase name="Mapping Viewer › field names are displayed correctly" classname="mapping-viewer.spec.ts" time="0">
<skipped>
</skipped>
</testcase>
<testcase name="Mapping Viewer › field type indicators are shown" classname="mapping-viewer.spec.ts" time="0">
<skipped>
</skipped>
</testcase>
<testcase name="Mapping Viewer › expand and collapse mapping fields" classname="mapping-viewer.spec.ts" time="0">
<skipped>
</skipped>
</testcase>
<testcase name="Mapping Viewer › mapping JSON view displays correctly" classname="mapping-viewer.spec.ts" time="0">
<skipped>
</skipped>
</testcase>
<testcase name="Mapping Viewer › nested mapping displays nested structure" classname="mapping-viewer.spec.ts" time="0">
<skipped>
</skipped>
</testcase>
<testcase name="Mapping Viewer › mapping updates when changing indices" classname="mapping-viewer.spec.ts" time="0">
<skipped>
</skipped>
</testcase>
<testcase name="Mapping Viewer › field type badges are color-coded" classname="mapping-viewer.spec.ts" time="0">
<skipped>
</skipped>
</testcase>
<testcase name="Mapping Viewer › object and nested types are distinguished" classname="mapping-viewer.spec.ts" time="0">
<skipped>
</skipped>
</testcase>
<testcase name="Mapping Viewer › mapping shows correct field count" classname="mapping-viewer.spec.ts" time="0">
<skipped>
</skipped>
</testcase>
<testcase name="Mapping Viewer › field paths are displayed for nested fields" classname="mapping-viewer.spec.ts" time="0">
<skipped>
</skipped>
</testcase>
<testcase name="Mapping Viewer › numeric type variations are shown" classname="mapping-viewer.spec.ts" time="0">
<skipped>
</skipped>
</testcase>
<testcase name="Mapping Viewer › mapping viewer is responsive to window size" classname="mapping-viewer.spec.ts" time="0">
<skipped>
</skipped>
</testcase>
</testsuite>
<testsuite name="nested-fields.spec.ts" timestamp="2026-02-19T18:37:54.133Z" hostname="Google Chrome" tests="17" failures="0" skipped="17" time="0" errors="0">
<testcase name="Nested Fields › Nested Object Editing › display nested object fields" classname="nested-fields.spec.ts" time="0">
<skipped>
</skipped>
</testcase>
<testcase name="Nested Fields › Nested Object Editing › expand and collapse nested objects" classname="nested-fields.spec.ts" time="0">
<skipped>
</skipped>
</testcase>
<testcase name="Nested Fields › Nested Object Editing › edit nested field values" classname="nested-fields.spec.ts" time="0">
<skipped>
</skipped>
</testcase>
<testcase name="Nested Fields › Nested Object Editing › add new nested field" classname="nested-fields.spec.ts" time="0">
<skipped>
</skipped>
</testcase>
<testcase name="Nested Fields › Array Editing › display array fields" classname="nested-fields.spec.ts" time="0">
<skipped>
</skipped>
</testcase>
<testcase name="Nested Fields › Array Editing › edit array elements" classname="nested-fields.spec.ts" time="0">
<skipped>
</skipped>
</testcase>
<testcase name="Nested Fields › Array Editing › add array element" classname="nested-fields.spec.ts" time="0">
<skipped>
</skipped>
</testcase>
<testcase name="Nested Fields › Array Editing › remove array element" classname="nested-fields.spec.ts" time="0">
<skipped>
</skipped>
</testcase>
<testcase name="Nested Fields › Array Editing › nested array objects" classname="nested-fields.spec.ts" time="0">
<skipped>
</skipped>
</testcase>
<testcase name="Nested Fields › Deep Nesting (3+ levels) › display deeply nested structure" classname="nested-fields.spec.ts" time="0">
<skipped>
</skipped>
</testcase>
<testcase name="Nested Fields › Deep Nesting (3+ levels) › edit deeply nested field" classname="nested-fields.spec.ts" time="0">
<skipped>
</skipped>
</testcase>
<testcase name="Nested Fields › JSON Editor Mode › switch to JSON editor mode" classname="nested-fields.spec.ts" time="0">
<skipped>
</skipped>
</testcase>
<testcase name="Nested Fields › JSON Editor Mode › edit document in JSON mode" classname="nested-fields.spec.ts" time="0">
<skipped>
</skipped>
</testcase>
<testcase name="Nested Fields › JSON Editor Mode › no data loss when switching between modes" classname="nested-fields.spec.ts" time="0">
<skipped>
</skipped>
</testcase>
<testcase name="Nested Fields › Type Conversion › number fields accept numeric input" classname="nested-fields.spec.ts" time="0">
<skipped>
</skipped>
</testcase>
<testcase name="Nested Fields › Type Conversion › boolean fields render as checkboxes" classname="nested-fields.spec.ts" time="0">
<skipped>
</skipped>
</testcase>
<testcase name="Nested Fields › Type Conversion › date fields accept date input" classname="nested-fields.spec.ts" time="0">
<skipped>
</skipped>
</testcase>
</testsuite>
<testsuite name="plugin-installation.spec.ts" timestamp="2026-02-19T18:37:54.133Z" hostname="Google Chrome" tests="8" failures="0" skipped="8" time="0" errors="0">
<testcase name="Plugin Installation › plugin appears in OSD navigation" classname="plugin-installation.spec.ts" time="0">
<skipped>
</skipped>
</testcase>
<testcase name="Plugin Installation › plugin navigation works" classname="plugin-installation.spec.ts" time="0">
<skipped>
</skipped>
</testcase>
<testcase name="Plugin Installation › plugin loads without errors" classname="plugin-installation.spec.ts" time="0">
<skipped>
</skipped>
</testcase>
<testcase name="Plugin Installation › plugin page has correct title" classname="plugin-installation.spec.ts" time="0">
<skipped>
</skipped>
</testcase>
<testcase name="Plugin Installation › no console errors on plugin load" classname="plugin-installation.spec.ts" time="0">
<skipped>
</skipped>
</testcase>
<testcase name="Plugin Installation › plugin components are rendered" classname="plugin-installation.spec.ts" time="0">
<skipped>
</skipped>
</testcase>
<testcase name="Plugin Installation › plugin responds to browser back button" classname="plugin-installation.spec.ts" time="0">
<skipped>
</skipped>
</testcase>
<testcase name="Plugin Installation › plugin is accessible via direct URL" classname="plugin-installation.spec.ts" time="0">
<skipped>
</skipped>
</testcase>
</testsuite>
<testsuite name="search.spec.ts" timestamp="2026-02-19T18:37:54.133Z" hostname="Google Chrome" tests="10" failures="0" skipped="10" time="0" errors="0">
<testcase name="Document Search › search input is visible and functional" classname="search.spec.ts" time="0">
<skipped>
</skipped>
</testcase>
<testcase name="Document Search › search input is disabled when no index is selected" classname="search.spec.ts" time="0">
<skipped>
</skipped>
</testcase>
<testcase name="Document Search › search with valid query returns results" classname="search.spec.ts" time="0">
<skipped>
</skipped>
</testcase>
<testcase name="Document Search › search with multi-word query works" classname="search.spec.ts" time="0">
<skipped>
</skipped>
</testcase>
<testcase name="Document Search › search with no results shows empty state" classname="search.spec.ts" time="0">
<skipped>
</skipped>
</testcase>
<testcase name="Document Search › clear search restores full document list" classname="search.spec.ts" time="0">
<skipped>
</skipped>
</testcase>
<testcase name="Document Search › search input has clear button" classname="search.spec.ts" time="0">
<skipped>
</skipped>
</testcase>
<testcase name="Document Search › debounced search does not fire on every keystroke" classname="search.spec.ts" time="0">
<skipped>
</skipped>
</testcase>
<testcase name="Document Search › search shows loading indicator during search" classname="search.spec.ts" time="0">
<skipped>
</skipped>
</testcase>
<testcase name="Document Search › search query persists across page navigation" classname="search.spec.ts" time="0">
<skipped>
</skipped>
</testcase>
</testsuite>
<testsuite name="tag-management.spec.ts" timestamp="2026-02-19T18:37:54.133Z" hostname="Google Chrome" tests="11" failures="0" skipped="11" time="0" errors="0">
<testcase name="Tag Management › tag manager component is present in document editor" classname="tag-management.spec.ts" time="0">
<skipped>
</skipped>
</testcase>
<testcase name="Tag Management › tags display as EuiBadge components" classname="tag-management.spec.ts" time="0">
<skipped>
</skipped>
</testcase>
<testcase name="Tag Management › tag delete button exists" classname="tag-management.spec.ts" time="0">
<skipped>
</skipped>
</testcase>
<testcase name="Tag Management › add tag button exists" classname="tag-management.spec.ts" time="0">
<skipped>
</skipped>
</testcase>
<testcase name="Tag Management › add tag flow works" classname="tag-management.spec.ts" time="0">
<skipped>
</skipped>
</testcase>
<testcase name="Tag Management › cancel add tag works" classname="tag-management.spec.ts" time="0">
<skipped>
</skipped>
</testcase>
<testcase name="Tag Management › delete tag works" classname="tag-management.spec.ts" time="0">
<skipped>
</skipped>
</testcase>
<testcase name="Tag Management › tags show different colors for different types" classname="tag-management.spec.ts" time="0">
<skipped>
</skipped>
</testcase>
<testcase name="Tag Management › tag input handles enter key" classname="tag-management.spec.ts" time="0">
<skipped>
</skipped>
</testcase>
<testcase name="Tag Management › tag input handles escape key" classname="tag-management.spec.ts" time="0">
<skipped>
</skipped>
</testcase>
<testcase name="Tag Management › empty array shows placeholder" classname="tag-management.spec.ts" time="0">
<skipped>
</skipped>
</testcase>
</testsuite>
</testsuites>